INFO:     Will watch for changes in these directories: ['C:\\Users\\mouss\\OneDrive\\Desktop\\sensante']
INFO:     Uvicorn running on http://127.0.0.1:8001 (Press CTRL+C to quit)
INFO:     Started reloader process [28260] using StatReload
INFO:     Started server process [36540]
INFO:     Waiting for application startup.
INFO:     Application startup complete.
WARNING:  StatReload detected changes in 'api\main.py'. Reloading...
INFO:     Shutting down
INFO:     Waiting for application shutdown.
INFO:     Application shutdown complete.
INFO:     Finished server process [36540]
INFO:     Started server process [15648]
INFO:     Waiting for application startup.
INFO:     Application startup complete.
WARNING:  StatReload detected changes in 'api\main.py'. Reloading...
INFO:     Shutting down
INFO:     Waiting for application shutdown.
INFO:     Application shutdown complete.
INFO:     Finished server process [15648]
INFO:     Started server process [32532]
INFO:     Waiting for application startup.
INFO:     Application startup complete.
